{
  "RSpec": {
    "coverage": {
      "/Users/raustin/Development/Projects/secret_santa/spec/person_spec.rb": {
        "lines": [
          1,
          null,
          1,
          null,
          1,
          16,
          null,
          null,
          1,
          1,
          2,
          null,
          null,
          1,
          1,
          null,
          1,
          null,
          1,
          null,
          null,
          1,
          1,
          1,
          null,
          1,
          null,
          1,
          1,
          1,
          null,
          null,
          null,
          1,
          1,
          1,
          null,
          1,
          1,
          null,
          1,
          null,
          null,
          null,
          1,
          1,
          1,
          1,
          1,
          null,
          1,
          1,
          null,
          1,
          1,
          null,
          null,
          1,
          1,
          1,
          null,
          1,
          1,
          null,
          1,
          null,
          null,
          null,
          null,
          1,
          1,
          1,
          1,
          null,
          1,
          1,
          null,
          1,
          null,
          null,
          null,
          1,
          1,
          1,
          1,
          1,
          null,
          1,
          1,
          null,
          1,
          null,
          null,
          null,
          null,
          1,
          1,
          1,
          1,
          null,
          1,
          null,
          1,
          null,
          null,
          null,
          1,
          1,
          1,
          1,
          1,
          null,
          1,
          null,
          1,
          null,
          null,
          null,
          null,
          1,
          1,
          1,
          1,
          1,
          null,
          1,
          null,
          1,
          null,
          null,
          null,
          null,
          1,
          1,
          1,
          1,
          null,
          1,
          null,
          1,
          1,
          null,
          null,
          null,
          1,
          1,
          1,
          1,
          1,
          null,
          1,
          null,
          1,
          1,
          null,
          null,
          null,
          null,
          1,
          1,
          1,
          1,
          null,
          1,
          null,
          1,
          null,
          null,
          null,
          1,
          1,
          1,
          1,
          null,
          1,
          null,
          1,
          null,
          null,
          1,
          1,
          1,
          null,
          1,
          null,
          1,
          null,
          null,
          null,
          null
        ],
        "branches": {
        }
      },
      "/Users/raustin/Development/Projects/secret_santa/lib/person.rb": {
        "lines": [
          1,
          1,
          1,
          null,
          1,
          null,
          1,
          25,
          25,
          null,
          null,
          1,
          17,
          null,
          null,
          1,
          30,
          3,
          3,
          null,
          27,
          null,
          null,
          null,
          1,
          10,
          null,
          null,
          1,
          18,
          null,
          null,
          1,
          11,
          null,
          null,
          1,
          16,
          16,
          16,
          null,
          null,
          1,
          6,
          null,
          null
        ],
        "branches": {
          "[:if, 0, 17, 8, 22, 11]": {
            "[:then, 1, 18, 12, 19, 33]": 3,
            "[:else, 2, 21, 12, 21, 28]": 27
          }
        }
      }
    },
    "timestamp": 1608534400
  }
}
